# JRE version: OpenJDK Runtime Environment (26.0.1+8) (build 26.0.1+8-34)
# Java VM: OpenJDK 64-Bit Server VM (26.0.1+8-34, mixed mode, emulated-client, sharing, tiered, compressed oops, compressed class ptrs, g1 gc, windows-amd64)
GC Precious Log:
 CardTable entry size: 512
 Card Set container configuration: InlinePtr #cards 4 size 8 Array Of Cards #cards 16 size 48 Howl #buckets 8 coarsen threshold 3686 Howl Bitmap #cards 512 size 80 coarsen threshold 460 Card regions per heap region 1 cards per card region 4096
 CPUs: 4 total, 4 available
 Memory: 12054M
 Large Page Support: Disabled
 NUMA Support: Disabled
 Compressed Oops: Enabled (Zero based)
 Heap Region Size: 2M
 Heap Min Capacity: 8M
 Heap Initial Capacity: 8M
 Heap Max Capacity: 3014M
 Pre-touch: Disabled
 Parallel Workers: 4
 Concurrent Workers: 1
 Concurrent Refinement Workers: 4
 Periodic GC: Disabled
Heap:
 garbage-first heap   total reserved 3086336K, committed 36864K, used 20994K [0x0000000743a00000, 0x0000000800000000)
  region size 2M, 0 eden (0M), 1 survivor (2M), 10 old (20M), 0 humongous (0M), 7 free (14M)
GC Heap Usage History (20 events):
Event: 1.186 {heap After GC invocations=6 (full 0):
 garbage-first heap   total reserved 3086336K, committed 22528K, used 6267K [0x0000000743a00000, 0x0000000800000000)
  region size 2M, 0 eden (0M), 1 survivor (2M), 3 old (6M), 0 humongous (0M), 7 free (14M)
}
Event: 1.353 {heap Before GC invocations=6 (full 0):
 garbage-first heap   total reserved 3086336K, committed 22528K, used 12411K [0x0000000743a00000, 0x0000000800000000)
  region size 2M, 4 eden (8M), 1 survivor (2M), 3 old (6M), 0 humongous (0M), 3 free (6M)
}
Event: 1.357 {heap After GC invocations=7 (full 0):
 garbage-first heap   total reserved 3086336K, committed 22528K, used 8762K [0x0000000743a00000, 0x0000000800000000)
  region size 2M, 0 eden (0M), 1 survivor (2M), 5 old (10M), 0 humongous (0M), 5 free (10M)
}
Event: 1.452 {heap Before GC invocations=7 (full 0):
 garbage-first heap   total reserved 3086336K, committed 22528K, used 12858K [0x0000000743a00000, 0x0000000800000000)
  region size 2M, 3 eden (6M), 1 survivor (2M), 5 old (10M), 0 humongous (0M), 2 free (4M)
}
Event: 1.454 {heap After GC invocations=8 (full 0):
 garbage-first heap   total reserved 3086336K, committed 34816K, used 9803K [0x0000000743a00000, 0x0000000800000000)
  region size 2M, 0 eden (0M), 1 survivor (2M), 5 old (10M), 0 humongous (0M), 11 free (22M)
}
Event: 1.793 {heap Before GC invocations=8 (full 0):
 garbage-first heap   total reserved 3086336K, committed 34816K, used 26187K [0x0000000743a00000, 0x0000000800000000)
  region size 2M, 8 eden (16M), 1 survivor (2M), 5 old (10M), 0 humongous (0M), 3 free (6M)
}
Event: 1.797 {heap After GC invocations=9 (full 0):
 garbage-first heap   total reserved 3086336K, committed 34816K, used 9472K [0x0000000743a00000, 0x0000000800000000)
  region size 2M, 0 eden (0M), 2 survivor (4M), 4 old (8M), 0 humongous (0M), 11 free (22M)
}
Event: 2.071 {heap Before GC invocations=9 (full 0):
 garbage-first heap   total reserved 3086336K, committed 34816K, used 23808K [0x0000000743a00000, 0x0000000800000000)
  region size 2M, 8 eden (16M), 2 survivor (4M), 4 old (8M), 0 humongous (0M), 3 free (6M)
}
Event: 2.080 {heap After GC invocations=10 (full 0):
 garbage-first heap   total reserved 3086336K, committed 34816K, used 11059K [0x0000000743a00000, 0x0000000800000000)
  region size 2M, 0 eden (0M), 2 survivor (4M), 5 old (10M), 0 humongous (0M), 10 free (20M)
}
Event: 2.192 {heap Before GC invocations=10 (full 0):
 garbage-first heap   total reserved 3086336K, committed 34816K, used 19251K [0x0000000743a00000, 0x0000000800000000)
  region size 2M, 5 eden (10M), 2 survivor (4M), 5 old (10M), 0 humongous (0M), 5 free (10M)
}
Event: 2.200 {heap After GC invocations=11 (full 0):
 garbage-first heap   total reserved 3086336K, committed 34816K, used 12152K [0x0000000743a00000, 0x0000000800000000)
  region size 2M, 0 eden (0M), 2 survivor (4M), 5 old (10M), 0 humongous (0M), 10 free (20M)
}
Event: 2.453 {heap Before GC invocations=12 (full 0):
 garbage-first heap   total reserved 3086336K, committed 34816K, used 26488K [0x0000000743a00000, 0x0000000800000000)
  region size 2M, 7 eden (14M), 2 survivor (4M), 5 old (10M), 0 humongous (0M), 3 free (6M)
}
Event: 2.459 {heap After GC invocations=13 (full 0):
 garbage-first heap   total reserved 3086336K, committed 34816K, used 16250K [0x0000000743a00000, 0x0000000800000000)
  region size 2M, 0 eden (0M), 2 survivor (4M), 7 old (14M), 0 humongous (0M), 8 free (16M)
}
Event: 2.779 {heap Before GC invocations=13 (full 0):
 garbage-first heap   total reserved 3086336K, committed 34816K, used 28538K [0x0000000743a00000, 0x0000000800000000)
  region size 2M, 6 eden (12M), 2 survivor (4M), 7 old (14M), 0 humongous (0M), 2 free (4M)
}
Event: 2.789 {heap After GC invocations=14 (full 0):
 garbage-first heap   total reserved 3086336K, committed 36864K, used 15586K [0x0000000743a00000, 0x0000000800000000)
  region size 2M, 0 eden (0M), 1 survivor (2M), 7 old (14M), 0 humongous (0M), 10 free (20M)
}
Event: 3.208 {heap Before GC invocations=14 (full 0):
 garbage-first heap   total reserved 3086336K, committed 36864K, used 27874K [0x0000000743a00000, 0x0000000800000000)
  region size 2M, 7 eden (14M), 1 survivor (2M), 7 old (14M), 0 humongous (0M), 3 free (6M)
}
Event: 3.213 {heap After GC invocations=15 (full 0):
 garbage-first heap   total reserved 3086336K, committed 36864K, used 16718K [0x0000000743a00000, 0x0000000800000000)
  region size 2M, 0 eden (0M), 1 survivor (2M), 8 old (16M), 0 humongous (0M), 9 free (18M)
}
Event: 3.550 {heap Before GC invocations=15 (full 0):
 garbage-first heap   total reserved 3086336K, committed 36864K, used 31054K [0x0000000743a00000, 0x0000000800000000)
  region size 2M, 7 eden (14M), 1 survivor (2M), 8 old (16M), 0 humongous (0M), 2 free (4M)
}
Event: 3.557 {heap After GC invocations=16 (full 0):
 garbage-first heap   total reserved 3086336K, committed 36864K, used 18436K [0x0000000743a00000, 0x0000000800000000)
  region size 2M, 0 eden (0M), 1 survivor (2M), 9 old (18M), 0 humongous (0M), 8 free (16M)
}
Event: 3.938 {heap Before GC invocations=16 (full 0):
 garbage-first heap   total reserved 3086336K, committed 36864K, used 30724K [0x0000000743a00000, 0x0000000800000000)
  region size 2M, 6 eden (12M), 1 survivor (2M), 9 old (18M), 0 humongous (0M), 2 free (4M)
}

